<?xml version="1.0" encoding="UTF-8"?>
<!-- Generated by org.testng.reporters.JUnitReportReporter -->
<testsuite hostname="D5411-ANGEL" failures="0" tests="1" name="Tests_POST" time="1.368" errors="0" timestamp="2022-01-07T14:13:42 EET" skipped="0">
  <testcase classname="Tests_POST" name="test_1_post" time="1.368"/>
  <system-out/>
</testsuite> <!-- Tests_POST -->
