<?xml version="1.0" encoding="UTF-8"?>
<!-- Generated by org.testng.reporters.JUnitReportReporter -->
<testsuite hostname="D5411-ANGEL" failures="0" tests="1" name="Test01_GET" time="2.222" errors="0" timestamp="2022-01-07T13:37:02 EET" skipped="0">
  <testcase classname="Test01_GET" name="test_02" time="2.222"/>
  <system-out/>
</testsuite> <!-- Test01_GET -->
